<?xml version="1.0" encoding="UTF-8"?><testsuite failures="2" name="cucumber.runtime.formatter.JUnitFormatter" skipped="0" tests="34" time="380.740685">
<testcase classname="Create employee" name="Check for create button is enabled in homepage" time="9.44734">
<system-out><![CDATA[Given I am in app loginpage.................................................passed
And I enter "Testdata1" into "username"input field having model "user.name".passed
And I enter "Testdata1" into "password"input field having model "user.password".passed
When I click on element having buttonText "Login"...........................passed
Then I wait 10 ms for element having id "bAdd" to be enabled................passed
]]></system-out>
</testcase>
<testcase classname="Create employee" name="Check for all fields appeared when create button is clicked" time="8.463172">
<system-out><![CDATA[Given I am in app loginpage.................................................passed
And I enter "CreateEmp1" into "username"input field having model "user.name".passed
And I enter "CreateEmp1" into "password"input field having model "user.password".passed
When I click on element having buttonText "Login"...........................passed
Then I wait 20 ms for element having id "bAdd" to be enabled................passed
When I click on element having id "bAdd"....................................passed
Then element having model"firstname" from "CreateEmp1"  should be present...passed
Then element having model"lastname" from "CreateEmp1"  should be present....passed
Then element having model"startdate" from "CreateEmp1"  should be present...passed
Then element having model"email" from "CreateEmp1"  should be present.......passed
]]></system-out>
</testcase>
<testcase classname="Create employee" name="Check for validation error if first name is not entered and add button is clicked" time="9.532313">
<system-out><![CDATA[Given I am in app loginpage.................................................passed
And I enter "CreateEmp2" into "username"input field having model "user.name".passed
And I enter "CreateEmp2" into "password"input field having model "user.password".passed
When I click on element having buttonText "Login"...........................passed
Then I wait 15 ms for element having id "bAdd" to be enabled................passed
When I click on element having id "bAdd"....................................passed
Then I wait 5 ms for element having buttonText "Add" to display.............passed
And I enter "CreateEmp2" into "lastname"input field having model "selectedEmployee.lastName".passed
And I enter "CreateEmp2" into "startdate"input field having model "selectedEmployee.startDate".passed
And I enter "CreateEmp2" into "email"input field having model "selectedEmployee.email".passed
When I click on element having buttonText "Add".............................passed
Then I wait 10 ms for element having css ".ng-pristine.ng-invalid.ng-invalid-required" to display.passed
]]></system-out>
</testcase>
<testcase classname="Create employee" name="Check for validation error if last name is not entered and add button is clicked" time="8.847625">
<system-out><![CDATA[Given I am in app loginpage.................................................passed
And I enter "CreateEmp2" into "username"input field having model "user.name".passed
And I enter "CreateEmp2" into "password"input field having model "user.password".passed
When I click on element having buttonText "Login"...........................passed
Then I wait 15 ms for element having id "bAdd" to be enabled................passed
When I click on element having id "bAdd"....................................passed
Then I wait 5 ms for element having buttonText "Add" to display.............passed
And I enter "CreateEmp2" into "firstname"input field having model "selectedEmployee.firstName".passed
And I enter "CreateEmp2" into "startdate"input field having model "selectedEmployee.startDate".passed
And I enter "CreateEmp2" into "email"input field having model "selectedEmployee.email".passed
When I click on element having buttonText "Add".............................passed
Then I wait 10 ms for element having css ".ng-pristine.ng-invalid.ng-invalid-required" to display.passed
]]></system-out>
</testcase>
<testcase classname="Create employee" name="Check for validation error if start date is not entered and add button is clicked" time="9.396752">
<system-out><![CDATA[Given I am in app loginpage.................................................passed
And I enter "CreateEmp2" into "username"input field having model "user.name".passed
And I enter "CreateEmp2" into "password"input field having model "user.password".passed
When I click on element having buttonText "Login"...........................passed
Then I wait 15 ms for element having id "bAdd" to be enabled................passed
When I click on element having id "bAdd"....................................passed
Then I wait 5 ms for element having buttonText "Add" to display.............passed
And I enter "CreateEmp2" into "firstname"input field having model "selectedEmployee.firstName".passed
And I enter "CreateEmp2" into "lastname"input field having model "selectedEmployee.lastName".passed
And I enter "CreateEmp2" into "email"input field having model "selectedEmployee.email".passed
When I click on element having buttonText "Add".............................passed
Then I wait 10 ms for element having css ".ng-pristine.ng-invalid.ng-invalid-required" to display.passed
]]></system-out>
</testcase>
<testcase classname="Create employee" name="Check for validation error if email is not entered and add button is clicked" time="9.294463">
<system-out><![CDATA[Given I am in app loginpage.................................................passed
And I enter "CreateEmp2" into "username"input field having model "user.name".passed
And I enter "CreateEmp2" into "password"input field having model "user.password".passed
When I click on element having buttonText "Login"...........................passed
Then I wait 15 ms for element having id "bAdd" to be enabled................passed
When I click on element having id "bAdd"....................................passed
Then I wait 5 ms for element having buttonText "Add" to display.............passed
And I enter "CreateEmp2" into "firstname"input field having model "selectedEmployee.firstName".passed
And I enter "CreateEmp2" into "lastname"input field having model "selectedEmployee.lastName".passed
And I enter "CreateEmp2" into "startdate"input field having model "selectedEmployee.startDate".passed
When I click on element having buttonText "Add".............................passed
Then I wait 10 ms for element having css ".ng-pristine.ng-invalid.ng-invalid-required" to display.passed
]]></system-out>
</testcase>
<testcase classname="Create employee" name="Check for validation error if startdate entered is invalid and add button is clicked" time="19.702202">
<system-out><![CDATA[Given I am in app loginpage.................................................passed
And I enter "CreateEmp2" into "username"input field having model "user.name".passed
And I enter "CreateEmp2" into "password"input field having model "user.password".passed
When I click on element having buttonText "Login"...........................passed
Then I wait 15 ms for element having id "bAdd" to be enabled................passed
When I click on element having id "bAdd"....................................passed
Then I wait 5 ms for element having buttonText "Add" to display.............passed
And I enter "CreateEmp2" into "firstname"input field having model "selectedEmployee.firstName".passed
And I enter "CreateEmp2" into "lastname"input field having model "selectedEmployee.lastName".passed
And I enter "CreateEmp2" into "invalid_startdate"input field having model "selectedEmployee.startDate".passed
And I enter "CreateEmp2" into "email"input field having model "selectedEmployee.email".passed
When I click on element having buttonText "Add".............................passed
Then I accept alert.........................................................passed
Then element having model "selectedEmployee.startDate" should have attribute "title" with value "Please enter a date formatting YYYY-MM-DD".passed
]]></system-out>
</testcase>
<testcase classname="Create employee" name="Check the success of create operation when all fields are filled correctly and newly added employee is listed in home page" time="11.675222">
<system-out><![CDATA[Given I am in app loginpage.................................................passed
And I enter "CreateEmp2" into "username"input field having model "user.name".passed
And I enter "CreateEmp2" into "password"input field having model "user.password".passed
When I click on element having buttonText "Login"...........................passed
Then I wait 15 ms for element having id "bAdd" to be enabled................passed
When I click on element having id "bAdd"....................................passed
Then I wait 5 ms for element having buttonText "Add" to display.............passed
And I enter "CreateEmp2" into "firstname"input field having model "selectedEmployee.firstName".passed
And I enter "CreateEmp2" into "lastname"input field having model "selectedEmployee.lastName".passed
And I enter "CreateEmp2" into "startdate"input field having model "selectedEmployee.startDate".passed
And I enter "CreateEmp2" into "email"input field having model "selectedEmployee.email".passed
When I click on element having buttonText "Add".............................passed
Then I assert repeater element having "employee in employees" should have "emp_full_name" from "CreateEmp2" have text present.passed
]]></system-out>
</testcase>
<testcase classname="Create employee" name="Check edit and delete button get enabled when employee from the list is selected" time="8.059091">
<system-out><![CDATA[Given I am in app loginpage.................................................passed
And I enter "Testdata1" into "username"input field having model "user.name".passed
And I enter "Testdata1" into "password"input field having model "user.password".passed
When I click on element having buttonText "Login"...........................passed
Then I wait 15 ms for element having id "bAdd" to be enabled................passed
When I click on repeater element having repeater "employee in employees"....passed
Then element having id "bEdit" should be enabled............................passed
]]></system-out>
</testcase>
<testcase classname="Create employee" name="Check edit and delete button get enabled when employee from the list is selected 2" time="8.007284">
<system-out><![CDATA[Given I am in app loginpage.................................................passed
And I enter "Testdata1" into "username"input field having model "user.name".passed
And I enter "Testdata1" into "password"input field having model "user.password".passed
When I click on element having buttonText "Login"...........................passed
Then I wait 15 ms for element having id "bAdd" to be enabled................passed
When I click on repeater element having repeater "employee in employees"....passed
Then element having id "bDelete" should be enabled..........................passed
]]></system-out>
</testcase>
<testcase classname="Delete employee" name="Check for delete button is disabled in home page" time="8.1656">
<system-out><![CDATA[Given I am in app loginpage.................................................passed
And I enter "Testdata1" into "username"input field having model "user.name".passed
And I enter "Testdata1" into "password"input field having model "user.password".passed
When I click on element having buttonText "Login"...........................passed
Then I take screenshot......................................................passed
Then I assert element having id "bDelete" and has class "disabled" should be present.passed
]]></system-out>
</testcase>
<testcase classname="Delete employee" name="Check for delete button gets enabled when employee from list is selected in home page" time="8.318031">
<system-out><![CDATA[Given I am in app loginpage.................................................passed
And I enter "Testdata1" into "username"input field having model "user.name".passed
And I enter "Testdata1" into "password"input field having model "user.password".passed
When I click on element having buttonText "Login"...........................passed
When I click on repeater element having repeater "employee in employees"....passed
Then element having id "bDelete" should be enabled..........................passed
]]></system-out>
</testcase>
<testcase classname="Delete employee" name="Check for validation alert pop if existing employee is selected to delete  ,employee gets deleted from loginpage if alert is accepted" time="47.687303">
<system-out><![CDATA[Given I am in app loginpage.................................................passed
And I enter "Testdata8" into "username"input field having model "user.name".passed
And I enter "Testdata8" into "password"input field having model "user.password".passed
When I click on element having buttonText "Login"...........................passed
Then I wait 15 ms for element having id "bAdd" to be enabled................passed
When I click on element having id "bAdd"....................................passed
Then I wait 5 ms for element having buttonText "Add" to display.............passed
And I enter "Testdata8" into "firstname"input field having model "selectedEmployee.firstName".passed
And I enter "Testdata8" into "lastname"input field having model "selectedEmployee.lastName".passed
And I enter "Testdata8" into "startdate"input field having model "selectedEmployee.startDate".passed
And I enter "Testdata8" into "email"input field having model "selectedEmployee.email".passed
When I click on element having buttonText "Add".............................passed
Then I scroll to bottom of page.............................................passed
Then I assert repeater element having "employee in employees" should have "emp_full_name" from "Testdata8" have text present.passed
Then I click on repeater element having text "employee in employees" should have "emp_full_name" from  "Testdata8" to be clicked.passed
Then I take screenshot......................................................passed
When I click on element having id "bDelete".................................passed
Then I take screenshot......................................................passed
Then I assert message from alert should be "Are you sure you want to delete" and accept alert.passed
Then I wait for 5 sec.......................................................passed
Then element having xpath"repeater_path" from "Testdata8"  should not be present.passed
]]></system-out>
</testcase>
<testcase classname="Delete employee" name="Check for validation alert pop if existing employee is selected to delete  ,employee not deleted from loginpage if alert is dismiss" time="17.395173">
<system-out><![CDATA[Given I am in app loginpage.................................................passed
And I enter "Testdata9" into "username"input field having model "user.name".passed
And I enter "Testdata9" into "password"input field having model "user.password".passed
When I click on element having buttonText "Login"...........................passed
Then I wait 15 ms for element having id "bAdd" to be enabled................passed
When I click on element having id "bAdd"....................................passed
Then I wait 5 ms for element having buttonText "Add" to display.............passed
And I enter "Testdata9" into "firstname"input field having model "selectedEmployee.firstName".passed
And I enter "Testdata9" into "lastname"input field having model "selectedEmployee.lastName".passed
And I enter "Testdata9" into "startdate"input field having model "selectedEmployee.startDate".passed
And I enter "Testdata9" into "email"input field having model "selectedEmployee.email".passed
When I click on element having buttonText "Add".............................passed
Then I scroll to bottom of page.............................................passed
Then I assert repeater element having "employee in employees" should have "emp_full_name" from "Testdata9" have text present.passed
Then I click on repeater element having text "employee in employees" should have "emp_full_name" from  "Testdata9" to be clicked.passed
Then I take screenshot......................................................passed
When I click on element having id "bDelete".................................passed
Then I take screenshot......................................................passed
Then I assert message from alert should be "Are you sure you want to delete" and dismiss alert.passed
Then I wait for 5 sec.......................................................passed
Then I scroll to bottom of page.............................................passed
Then element having xpath"repeater_path" from "Testdata9"  should be present.passed
]]></system-out>
</testcase>
<testcase classname="Edit employee" name="Check for edit button is disabled in home page" time="7.624393">
<system-out><![CDATA[Given I am in app loginpage.................................................passed
And I enter "Testdata1" into "username"input field having model "user.name".passed
And I enter "Testdata1" into "password"input field having model "user.password".passed
When I click on element having buttonText "Login"...........................passed
Then I take screenshot......................................................passed
Then I assert element having id "bEdit" and has class "disabled" should be present.passed
]]></system-out>
</testcase>
<testcase classname="Edit employee" name="Check for edit button gets enabled when employee from list is selected in home page" time="8.75092">
<system-out><![CDATA[Given I am in app loginpage.................................................passed
And I enter "Testdata1" into "username"input field having model "user.name".passed
And I enter "Testdata1" into "password"input field having model "user.password".passed
When I click on element having buttonText "Login"...........................passed
When I click on repeater element having repeater "employee in employees"....passed
Then element having id "bEdit" should be enabled............................passed
]]></system-out>
</testcase>
<testcase classname="Edit employee" name="Check for all field in a employee form have vaild data when edit button is clicked" time="8.955746">
<system-out><![CDATA[Given I am in app loginpage.................................................passed
And I enter "Testdata1" into "username"input field having model "user.name".passed
And I enter "Testdata1" into "password"input field having model "user.password".passed
When I click on element having buttonText "Login"...........................passed
Then I click on repeater element having repeater "employee in employees"....passed
Then I click on element having id "bEdit"...................................passed
Then I assert element having model "selectedEmployee.firstName" and has class "ng-valid-required" should be present.passed
Then I assert element having model "selectedEmployee.lastName" and has class "ng-valid-required" should be present.passed
Then I assert element having model "selectedEmployee.startDate" and has class "ng-valid-required" should be present.passed
Then I assert element having model "selectedEmployee.email" and has class "ng-valid-required" should be present.passed
Then element having buttonText"update" from "Testdata1"  should be present..passed
Then element having buttonText "Update" should be enabled...................passed
Then element having xpath"deletebutton" from "Testdata1"  should be present.passed
Then element having xpath "//p[contains(text(),'Delete')]" should be enabled.passed
]]></system-out>
</testcase>
<testcase classname="Edit employee" name="Check for first name field is editable and updated correctly" time="13.76296">
<system-out><![CDATA[Given I am in app loginpage.................................................passed
And I enter "Testdata8" into "username"input field having model "user.name".passed
And I enter "Testdata8" into "password"input field having model "user.password".passed
When I click on element having buttonText "Login"...........................passed
Then I wait 15 ms for element having id "bAdd" to be enabled................passed
When I click on element having id "bAdd"....................................passed
Then I wait 5 ms for element having buttonText "Add" to display.............passed
And I enter "Testdata8" into "firstname"input field having model "selectedEmployee.firstName".passed
And I enter "Testdata8" into "lastname"input field having model "selectedEmployee.lastName".passed
And I enter "Testdata8" into "startdate"input field having model "selectedEmployee.startDate".passed
And I enter "Testdata8" into "email"input field having model "selectedEmployee.email".passed
When I click on element having buttonText "Add".............................passed
Then I scroll to bottom of page.............................................passed
Then I click on repeater element having text "employee in employees" should have "emp_full_name" from  "Testdata8" to be clicked.passed
When I click on element having id "bEdit"...................................passed
Then I clear input field having model "selectedEmployee.firstName"..........passed
And I enter "Testdata8" into "firstname_newname"input field having model "selectedEmployee.firstName".passed
When I click on element having buttonText "Update"..........................passed
Then I assert repeater element having "employee in employees" should have "new_emp_name" from "Testdata8" have text present.passed
]]></system-out>
</testcase>
<testcase classname="Edit employee" name="Check for lastname field is editable and updated correctly" time="12.989381">
<system-out><![CDATA[Given I am in app loginpage.................................................passed
And I enter "Testdata9" into "username"input field having model "user.name".passed
And I enter "Testdata9" into "password"input field having model "user.password".passed
When I click on element having buttonText "Login"...........................passed
Then I wait 15 ms for element having id "bAdd" to be enabled................passed
When I click on element having id "bAdd"....................................passed
Then I wait 5 ms for element having buttonText "Add" to display.............passed
And I enter "Testdata9" into "firstname"input field having model "selectedEmployee.firstName".passed
And I enter "Testdata9" into "lastname"input field having model "selectedEmployee.lastName".passed
And I enter "Testdata9" into "startdate"input field having model "selectedEmployee.startDate".passed
And I enter "Testdata9" into "email"input field having model "selectedEmployee.email".passed
When I click on element having buttonText "Add".............................passed
Then I scroll to bottom of page.............................................passed
Then I click on repeater element having text "employee in employees" should have "emp_full_name" from  "Testdata9" to be clicked.passed
When I click on element having id "bEdit"...................................passed
Then I take screenshot......................................................passed
Then I clear input field having model "selectedEmployee.lastName"...........passed
And I enter "Testdata9" into "lastname_newname"input field having model "selectedEmployee.lastName".passed
When I click on element having buttonText "Update"..........................passed
Then I scroll to bottom of page.............................................passed
Then I assert repeater element having "employee in employees" should have "new_emp_name" from "Testdata9" have text present.passed
]]></system-out>
</testcase>
<testcase classname="Edit employee" name="Check for employee startdate get updated successfully if new startdate is valid" time="10.649516">
<system-out><![CDATA[Given I am in app loginpage.................................................passed
And I enter "Testdata10" into "username"input field having model "user.name".passed
And I enter "Testdata10" into "password"input field having model "user.password".passed
When I click on element having buttonText "Login"...........................passed
Then I click on repeater element having repeater "employee in employees"....passed
Then I click on element having id "bEdit"...................................passed
Then I clear input field having model "selectedEmployee.startDate"..........passed
And I enter "Testdata10" into "startdate"input field having model "selectedEmployee.startDate".passed
Then I assert element having model "selectedEmployee.startDate" and has class "ng-valid-pattern" should be present.passed
Then I click on element having buttonText "Update"..........................passed
]]></system-out>
</testcase>
<testcase classname="Edit employee" name="Check for validation error if new start date is invalid" time="8.301895">
<system-out><![CDATA[Given I am in app loginpage.................................................passed
And I enter "Testdata11" into "username"input field having model "user.name".passed
And I enter "Testdata11" into "password"input field having model "user.password".passed
When I click on element having buttonText "Login"...........................passed
Then I click on repeater element having repeater "employee in employees"....passed
Then I click on element having id "bEdit"...................................passed
Then I clear input field having model "selectedEmployee.startDate"..........passed
And I enter "Testdata11" into "startdate"input field having model "selectedEmployee.startDate".passed
Then I assert element having model "selectedEmployee.startDate" and has class "ng-invalid-pattern" should be present.passed
]]></system-out>
</testcase>
<testcase classname="Edit employee" name="Check for employee email details get updated successfully if new email is valid" time="9.728857">
<system-out><![CDATA[Given I am in app loginpage.................................................passed
And I enter "Testdata12" into "username"input field having model "user.name".passed
And I enter "Testdata12" into "password"input field having model "user.password".passed
When I click on element having buttonText "Login"...........................passed
Then I click on repeater element having repeater "employee in employees"....passed
Then I click on element having id "bEdit"...................................passed
Then I clear input field having model "selectedEmployee.email"..............passed
And I enter "Testdata12" into "email"input field having model "selectedEmployee.email".passed
Then I assert element having model "selectedEmployee.email" and has class "ng-valid-email" should be present.passed
Then I click on element having buttonText "Update"..........................passed
]]></system-out>
</testcase>
<testcase classname="Edit employee" name="Check for validation failure if employee email details are incorrect during update" time="8.672338">
<system-out><![CDATA[Given I am in app loginpage.................................................passed
And I enter "Testdata13" into "username"input field having model "user.name".passed
And I enter "Testdata13" into "password"input field having model "user.password".passed
When I click on element having buttonText "Login"...........................passed
Then I click on repeater element having repeater "employee in employees"....passed
Then I click on element having id "bEdit"...................................passed
Then I clear input field having model "selectedEmployee.email"..............passed
And I enter "Testdata13" into "email"input field having model "selectedEmployee.email".passed
Then I assert element having model "selectedEmployee.email" and has class "ng-invalid-email" should be present.passed
Then I click on element having buttonText "Update"..........................passed
]]></system-out>
</testcase>
<testcase classname="user login" name="Check all mandatory field in login page is marked with asterix  *" time="6.209305">
<system-out><![CDATA[Given I am in app loginpage.................................................passed
Then element having xpath"username" from "Login1"  should be present........passed
Then element having xpath"password" from "Login1"  should be present........passed
]]></system-out>
</testcase>
<testcase classname="user login" name="Check for text field username and password appeared in login page, Check submit button &quot;Login&quot; exist" time="6.090463">
<failure message="info.seleniumcucumber.methods.TestCaseFailed: Element Not Present&#13;&#10;&#9;at info.seleniumcucumber.methods.AssertionMethods.checkElementPresence(AssertionMethods.java:233)&#13;&#10;&#9;at info.seleniumcucumber.stepdefinitions.UserStepDefinitions.elementHavingXpathShouldFromBePresent(UserStepDefinitions.java:135)&#13;&#10;&#9;at ✽.Then element having model&quot;username&quot; from &quot;Login2&quot;  should be present(Login.feature:14)&#13;&#10;"><![CDATA[Given I am in app loginpage.................................................passed
Then element having model"username" from "Login2"  should be present........failed
Then element having model"password" from "Login2"  should be present........skipped
Then element having buttonText"login" from "Login2"  should be present......skipped

StackTrace:
info.seleniumcucumber.methods.TestCaseFailed: Element Not Present
	at info.seleniumcucumber.methods.AssertionMethods.checkElementPresence(AssertionMethods.java:233)
	at info.seleniumcucumber.stepdefinitions.UserStepDefinitions.elementHavingXpathShouldFromBePresent(UserStepDefinitions.java:135)
	at ✽.Then element having model"username" from "Login2"  should be present(Login.feature:14)
]]></failure>
</testcase>
<testcase classname="user login" name="Check for successful login using valid credentials and verify repeater element to show &quot;employee list&quot; appeared in home page" time="7.787966">
<system-out><![CDATA[Given I am in app loginpage.................................................passed
And I enter "Testdata1" into "username"input field having model "user.name".passed
And I enter "Testdata1" into "password"input field having model "user.password".passed
When I click on element having buttonText "Login"...........................passed
Then I wait 5 ms for element having repeater "employee in employees" to display.passed
]]></system-out>
</testcase>
<testcase classname="user login" name="Check for validation error if either or both username and password is incorrect and Login button is clicked" time="6.301282">
<system-out><![CDATA[Given I am in app loginpage.................................................passed
And I enter "Testdata2" into "username"input field having model "user.name".passed
And I enter "Testdata2" into "password"input field having model "user.password".passed
When I click on element having buttonText "Login"...........................passed
Then I wait 5 ms for element having css ".error-message.ng-binding" to display.passed
Then I assert element having css ".error-message.ng-binding" should have text as "Invalid username or password!".passed
]]></system-out>
</testcase>
<testcase classname="user login" name="Check for validation error if either or both username and password is incorrect and Login button is clicked 2" time="7.645929">
<system-out><![CDATA[Given I am in app loginpage.................................................passed
And I enter "Testdata3" into "username"input field having model "user.name".passed
And I enter "Testdata3" into "password"input field having model "user.password".passed
When I click on element having buttonText "Login"...........................passed
Then I wait 5 ms for element having css ".error-message.ng-binding" to display.passed
Then I assert element having css ".error-message.ng-binding" should have text as "Invalid username or password!".passed
]]></system-out>
</testcase>
<testcase classname="user login" name="Check for validation error if either or both username and password is incorrect and Login button is clicked 3" time="7.357683">
<system-out><![CDATA[Given I am in app loginpage.................................................passed
And I enter "Testdata4" into "username"input field having model "user.name".passed
And I enter "Testdata4" into "password"input field having model "user.password".passed
When I click on element having buttonText "Login"...........................passed
Then I wait 5 ms for element having css ".error-message.ng-binding" to display.passed
Then I assert element having css ".error-message.ng-binding" should have text as "Invalid username or password!".passed
]]></system-out>
</testcase>
<testcase classname="user login" name="Check for validation error if username field blank and Login button is clicked" time="6.913951">
<system-out><![CDATA[Given I am in app loginpage.................................................passed
And I enter "Testdata6" into "password"input field having model "user.password".passed
When I click on element having buttonText "Login"...........................passed
Then I wait 5 ms for element having css ".ng-pristine.ng-invalid.ng-invalid-required" to display.passed
]]></system-out>
</testcase>
<testcase classname="user login" name="Check for validation error if password field blank and Login button is clicked" time="6.685161">
<system-out><![CDATA[Given I am in app loginpage.................................................passed
And I enter "Testdata7" into "username"input field having model "user.name".passed
When I click on element having buttonText "Login"...........................passed
Then I wait 5 ms for element having css ".ng-pristine.ng-invalid.ng-invalid-required" to display.passed
]]></system-out>
</testcase>
<testcase classname="user login" name="Check for validation error if both username and password are blank and Login button is clicked" time="6.720479">
<system-out><![CDATA[Given I am in app loginpage.................................................passed
When I click on element having buttonText "Login"...........................passed
Then I wait 5 ms for element having css ".ng-pristine.ng-invalid.ng-invalid-required" to display.passed
]]></system-out>
</testcase>
<testcase classname="Logout user" name="Check for logout button appeared once user is logged on" time="7.550846">
<system-out><![CDATA[Given I am in app loginpage.................................................passed
And I enter "Testdata1" into "username"input field having model "user.name".passed
And I enter "Testdata1" into "password"input field having model "user.password".passed
When I click on element having buttonText "Login"...........................passed
Then I wait 5 ms for element having xpath "//p[contains(text(),'Logout')]" to display.passed
]]></system-out>
</testcase>
<testcase classname="Logout user" name="Check for logout button return back to user login page and username/password is blank" time="38.050043">
<failure message="org.openqa.selenium.TimeoutException: Expected condition failed: waiting for presence of element located by: model(&lt;password_access_value&gt;) (tried for 30 second(s) with 500 MILLISECONDS interval)&#13;&#10;&#9;at org.openqa.selenium.support.ui.WebDriverWait.timeoutException(WebDriverWait.java:82)&#13;&#10;&#9;at org.openqa.selenium.support.ui.FluentWait.until(FluentWait.java:231)&#13;&#10;&#9;at info.seleniumcucumber.methods.AssertionMethods.isElementHasClass(AssertionMethods.java:213)&#13;&#10;&#9;at info.seleniumcucumber.methods.AssertionMethods.checkElementwithclassPresence(AssertionMethods.java:254)&#13;&#10;&#9;at info.seleniumcucumber.stepdefinitions.UserStepDefinitions.check_element_withclass_presence(UserStepDefinitions.java:142)&#13;&#10;&#9;at ✽.Then I assert element having model &quot;&lt;password_access_value&gt;&quot; and has class &quot;ng-invalid-required&quot; should be present(Logout.feature:21)&#13;&#10;Caused by: org.openqa.selenium.NoSuchElementException: model(&lt;password_access_value&gt;) didn't have any matching elements at this place in the DOM&#10;For documentation on this error, please visit: http://seleniumhq.org/exceptions/no_such_element.html&#10;Build info: version: '3.7.1', revision: '8a0099a', time: '2017-11-06T21:01:39.354Z'&#10;System info: host: 'SUCHITA-NL', ip: '192.168.1.46', os.name: 'Windows 10', os.arch: 'amd64', os.version: '10.0', java.version: '1.8.0_144'&#10;Driver info: driver.version: RemoteWebDriver&#13;&#10;&#9;at com.paulhammant.ngwebdriver.ByAngular$BaseBy.errorIfNull(ByAngular.java:155)&#13;&#10;&#9;at com.paulhammant.ngwebdriver.ByAngular$BaseBy.findElements(ByAngular.java:177)&#13;&#10;&#9;at com.paulhammant.ngwebdriver.ByAngularModel.findElements(ByAngularModel.java:6)&#13;&#10;&#9;at org.openqa.selenium.remote.RemoteWebDriver.findElements(RemoteWebDriver.java:358)&#13;&#10;&#9;at org.openqa.selenium.support.ui.ExpectedConditions.findElement(ExpectedConditions.java:881)&#13;&#10;&#9;at org.openqa.selenium.support.ui.ExpectedConditions.access$000(ExpectedConditions.java:43)&#13;&#10;&#9;at org.openqa.selenium.support.ui.ExpectedConditions$6.apply(ExpectedConditions.java:182)&#13;&#10;&#9;at org.openqa.selenium.support.ui.ExpectedConditions$6.apply(ExpectedConditions.java:179)&#13;&#10;&#9;at org.openqa.selenium.support.ui.FluentWait.until(FluentWait.java:208)&#13;&#10;&#9;at info.seleniumcucumber.methods.AssertionMethods.isElementHasClass(AssertionMethods.java:213)&#13;&#10;&#9;at info.seleniumcucumber.methods.AssertionMethods.checkElementwithclassPresence(AssertionMethods.java:254)&#13;&#10;&#9;at info.seleniumcucumber.stepdefinitions.UserStepDefinitions.check_element_withclass_presence(UserStepDefinitions.java:142)&#13;&#10;&#9;at sun.reflect.NativeMethodAccessorImpl.invoke0(Native Method)&#13;&#10;&#9;at sun.reflect.NativeMethodAccessorImpl.invoke(NativeMethodAccessorImpl.java:62)&#13;&#10;&#9;at sun.reflect.DelegatingMethodAccessorImpl.invoke(DelegatingMethodAccessorImpl.java:43)&#13;&#10;&#9;at java.lang.reflect.Method.invoke(Method.java:498)&#13;&#10;&#9;at cucumber.runtime.Utils$1.call(Utils.java:40)&#13;&#10;&#9;at cucumber.runtime.Timeout.timeout(Timeout.java:16)&#13;&#10;&#9;at cucumber.runtime.Utils.invoke(Utils.java:34)&#13;&#10;&#9;at cucumber.runtime.java.JavaStepDefinition.execute(JavaStepDefinition.java:38)&#13;&#10;&#9;at cucumber.runtime.StepDefinitionMatch.runStep(StepDefinitionMatch.java:37)&#13;&#10;&#9;at cucumber.runtime.Runtime.runStep(Runtime.java:300)&#13;&#10;&#9;at cucumber.runtime.model.StepContainer.runStep(StepContainer.java:44)&#13;&#10;&#9;at cucumber.runtime.model.StepContainer.runSteps(StepContainer.java:39)&#13;&#10;&#9;at cucumber.runtime.model.CucumberScenario.run(CucumberScenario.java:44)&#13;&#10;&#9;at cucumber.runtime.model.CucumberScenarioOutline.run(CucumberScenarioOutline.java:46)&#13;&#10;&#9;at cucumber.runtime.model.CucumberFeature.run(CucumberFeature.java:165)&#13;&#10;&#9;at cucumber.api.testng.TestNGCucumberRunner.runCucumber(TestNGCucumberRunner.java:63)&#13;&#10;&#9;at cucumber.api.testng.AbstractTestNGCucumberTests.feature(AbstractTestNGCucumberTests.java:21)&#13;&#10;&#9;at com.github.mkolisnyk.cucumber.runner.ExtendedTestNGRunner.feature(ExtendedTestNGRunner.java:69)&#13;&#10;&#9;at sun.reflect.NativeMethodAccessorImpl.invoke0(Native Method)&#13;&#10;&#9;at sun.reflect.NativeMethodAccessorImpl.invoke(NativeMethodAccessorImpl.java:62)&#13;&#10;&#9;at sun.reflect.DelegatingMethodAccessorImpl.invoke(DelegatingMethodAccessorImpl.java:43)&#13;&#10;&#9;at java.lang.reflect.Method.invoke(Method.java:498)&#13;&#10;&#9;at org.testng.internal.MethodInvocationHelper.invokeMethod(MethodInvocationHelper.java:86)&#13;&#10;&#9;at org.testng.internal.Invoker.invokeMethod(Invoker.java:643)&#13;&#10;&#9;at org.testng.internal.Invoker.invokeTestMethod(Invoker.java:820)&#13;&#10;&#9;at org.testng.internal.Invoker.invokeTestMethods(Invoker.java:1128)&#13;&#10;&#9;at org.testng.internal.TestMethodWorker.invokeTestMethods(TestMethodWorker.java:129)&#13;&#10;&#9;at org.testng.internal.TestMethodWorker.run(TestMethodWorker.java:112)&#13;&#10;&#9;at org.testng.TestRunner.privateRun(TestRunner.java:782)&#13;&#10;&#9;at org.testng.TestRunner.run(TestRunner.java:632)&#13;&#10;&#9;at org.testng.SuiteRunner.runTest(SuiteRunner.java:366)&#13;&#10;&#9;at org.testng.SuiteRunner.runSequentially(SuiteRunner.java:361)&#13;&#10;&#9;at org.testng.SuiteRunner.privateRun(SuiteRunner.java:319)&#13;&#10;&#9;at org.testng.SuiteRunner.run(SuiteRunner.java:268)&#13;&#10;&#9;at org.testng.SuiteRunnerWorker.runSuite(SuiteRunnerWorker.java:52)&#13;&#10;&#9;at org.testng.SuiteRunnerWorker.run(SuiteRunnerWorker.java:86)&#13;&#10;&#9;at org.testng.TestNG.runSuitesSequentially(TestNG.java:1244)&#13;&#10;&#9;at org.testng.TestNG.runSuitesLocally(TestNG.java:1169)&#13;&#10;&#9;at org.testng.TestNG.run(TestNG.java:1064)&#13;&#10;&#9;at org.testng.IDEARemoteTestNG.run(IDEARemoteTestNG.java:72)&#13;&#10;&#9;at org.testng.RemoteTestNGStarter.main(RemoteTestNGStarter.java:123)&#13;&#10;"><![CDATA[Given I am in app loginpage.................................................passed
And I enter "Testdata1" into "username"input field having model "user.name".passed
And I enter "Testdata1" into "password"input field having model "user.password".passed
When I click on element having buttonText "Login"...........................passed
Then I click on element having xpath "//p[contains(text(),'Logout')]".......passed
Then I assert element having model "user.name" and has class "ng-invalid-required" should be present.passed
Then I assert element having model "<password_access_value>" and has class "ng-invalid-required" should be present.failed

StackTrace:
org.openqa.selenium.TimeoutException: Expected condition failed: waiting for presence of element located by: model(<password_access_value>) (tried for 30 second(s) with 500 MILLISECONDS interval)
	at org.openqa.selenium.support.ui.WebDriverWait.timeoutException(WebDriverWait.java:82)
	at org.openqa.selenium.support.ui.FluentWait.until(FluentWait.java:231)
	at info.seleniumcucumber.methods.AssertionMethods.isElementHasClass(AssertionMethods.java:213)
	at info.seleniumcucumber.methods.AssertionMethods.checkElementwithclassPresence(AssertionMethods.java:254)
	at info.seleniumcucumber.stepdefinitions.UserStepDefinitions.check_element_withclass_presence(UserStepDefinitions.java:142)
	at ✽.Then I assert element having model "<password_access_value>" and has class "ng-invalid-required" should be present(Logout.feature:21)
Caused by: org.openqa.selenium.NoSuchElementException: model(<password_access_value>) didn't have any matching elements at this place in the DOM
For documentation on this error, please visit: http://seleniumhq.org/exceptions/no_such_element.html
Build info: version: '3.7.1', revision: '8a0099a', time: '2017-11-06T21:01:39.354Z'
System info: host: 'SUCHITA-NL', ip: '192.168.1.46', os.name: 'Windows 10', os.arch: 'amd64', os.version: '10.0', java.version: '1.8.0_144'
Driver info: driver.version: RemoteWebDriver
	at com.paulhammant.ngwebdriver.ByAngular$BaseBy.errorIfNull(ByAngular.java:155)
	at com.paulhammant.ngwebdriver.ByAngular$BaseBy.findElements(ByAngular.java:177)
	at com.paulhammant.ngwebdriver.ByAngularModel.findElements(ByAngularModel.java:6)
	at org.openqa.selenium.remote.RemoteWebDriver.findElements(RemoteWebDriver.java:358)
	at org.openqa.selenium.support.ui.ExpectedConditions.findElement(ExpectedConditions.java:881)
	at org.openqa.selenium.support.ui.ExpectedConditions.access$000(ExpectedConditions.java:43)
	at org.openqa.selenium.support.ui.ExpectedConditions$6.apply(ExpectedConditions.java:182)
	at org.openqa.selenium.support.ui.ExpectedConditions$6.apply(ExpectedConditions.java:179)
	at org.openqa.selenium.support.ui.FluentWait.until(FluentWait.java:208)
	at info.seleniumcucumber.methods.AssertionMethods.isElementHasClass(AssertionMethods.java:213)
	at info.seleniumcucumber.methods.AssertionMethods.checkElementwithclassPresence(AssertionMethods.java:254)
	at info.seleniumcucumber.stepdefinitions.UserStepDefinitions.check_element_withclass_presence(UserStepDefinitions.java:142)
	at sun.reflect.NativeMethodAccessorImpl.invoke0(Native Method)
	at sun.reflect.NativeMethodAccessorImpl.invoke(NativeMethodAccessorImpl.java:62)
	at sun.reflect.DelegatingMethodAccessorImpl.invoke(DelegatingMethodAccessorImpl.java:43)
	at java.lang.reflect.Method.invoke(Method.java:498)
	at cucumber.runtime.Utils$1.call(Utils.java:40)
	at cucumber.runtime.Timeout.timeout(Timeout.java:16)
	at cucumber.runtime.Utils.invoke(Utils.java:34)
	at cucumber.runtime.java.JavaStepDefinition.execute(JavaStepDefinition.java:38)
	at cucumber.runtime.StepDefinitionMatch.runStep(StepDefinitionMatch.java:37)
	at cucumber.runtime.Runtime.runStep(Runtime.java:300)
	at cucumber.runtime.model.StepContainer.runStep(StepContainer.java:44)
	at cucumber.runtime.model.StepContainer.runSteps(StepContainer.java:39)
	at cucumber.runtime.model.CucumberScenario.run(CucumberScenario.java:44)
	at cucumber.runtime.model.CucumberScenarioOutline.run(CucumberScenarioOutline.java:46)
	at cucumber.runtime.model.CucumberFeature.run(CucumberFeature.java:165)
	at cucumber.api.testng.TestNGCucumberRunner.runCucumber(TestNGCucumberRunner.java:63)
	at cucumber.api.testng.AbstractTestNGCucumberTests.feature(AbstractTestNGCucumberTests.java:21)
	at com.github.mkolisnyk.cucumber.runner.ExtendedTestNGRunner.feature(ExtendedTestNGRunner.java:69)
	at sun.reflect.NativeMethodAccessorImpl.invoke0(Native Method)
	at sun.reflect.NativeMethodAccessorImpl.invoke(NativeMethodAccessorImpl.java:62)
	at sun.reflect.DelegatingMethodAccessorImpl.invoke(DelegatingMethodAccessorImpl.java:43)
	at java.lang.reflect.Method.invoke(Method.java:498)
	at org.testng.internal.MethodInvocationHelper.invokeMethod(MethodInvocationHelper.java:86)
	at org.testng.internal.Invoker.invokeMethod(Invoker.java:643)
	at org.testng.internal.Invoker.invokeTestMethod(Invoker.java:820)
	at org.testng.internal.Invoker.invokeTestMethods(Invoker.java:1128)
	at org.testng.internal.TestMethodWorker.invokeTestMethods(TestMethodWorker.java:129)
	at org.testng.internal.TestMethodWorker.run(TestMethodWorker.java:112)
	at org.testng.TestRunner.privateRun(TestRunner.java:782)
	at org.testng.TestRunner.run(TestRunner.java:632)
	at org.testng.SuiteRunner.runTest(SuiteRunner.java:366)
	at org.testng.SuiteRunner.runSequentially(SuiteRunner.java:361)
	at org.testng.SuiteRunner.privateRun(SuiteRunner.java:319)
	at org.testng.SuiteRunner.run(SuiteRunner.java:268)
	at org.testng.SuiteRunnerWorker.runSuite(SuiteRunnerWorker.java:52)
	at org.testng.SuiteRunnerWorker.run(SuiteRunnerWorker.java:86)
	at org.testng.TestNG.runSuitesSequentially(TestNG.java:1244)
	at org.testng.TestNG.runSuitesLocally(TestNG.java:1169)
	at org.testng.TestNG.run(TestNG.java:1064)
	at org.testng.IDEARemoteTestNG.run(IDEARemoteTestNG.java:72)
	at org.testng.RemoteTestNGStarter.main(RemoteTestNGStarter.java:123)
]]></failure>
</testcase>
</testsuite>
